[17-Jan-2020 19:48:04 America/Sao_Paulo] PHP Parse error:  syntax error, unexpected '{' in A:\xampp\htdocs\testes\asaas\app\models\Charges.php on line 62
[17-Jan-2020 19:48:12 America/Sao_Paulo] PHP Parse error:  syntax error, unexpected '{' in A:\xampp\htdocs\testes\asaas\app\models\Charges.php on line 62
[17-Jan-2020 19:59:47 America/Sao_Paulo] PHP Notice:  Undefined property: stdClass::$due_date in A:\xampp\htdocs\testes\asaas\app\models\Charges.php on line 69
[17-Jan-2020 19:59:57 America/Sao_Paulo] PHP Parse error:  syntax error, unexpected ')' in A:\xampp\htdocs\testes\asaas\app\models\Charges.php on line 68
[17-Jan-2020 20:19:38 America/Sao_Paulo] PHP Warning:  Wrong parameter count for number_format() in A:\xampp\htdocs\testes\asaas\app\classes\Helpers.php on line 42
[17-Jan-2020 20:19:38 America/Sao_Paulo] PHP Fatal error:  Uncaught TypeError: Return value of Classes\Helpers::dbFormatMoney() must be of the type float, null returned in A:\xampp\htdocs\testes\asaas\app\classes\Helpers.php:42
Stack trace:
#0 A:\xampp\htdocs\testes\asaas\public_html\index.php(21): Classes\Helpers::dbFormatMoney('1.200,32223')
#1 {main}
  thrown in A:\xampp\htdocs\testes\asaas\app\classes\Helpers.php on line 42
[17-Jan-2020 23:16:47 America/Sao_Paulo] Página não encontrada
[17-Jan-2020 23:23:04 America/Sao_Paulo] Ação não permitida
[17-Jan-2020 23:23:31 America/Sao_Paulo] Ação não permitida
[17-Jan-2020 23:35:58 America/Sao_Paulo] PHP Fatal error:  Uncaught Error: Using $this when not in object context in A:\xampp\htdocs\testes\asaas\app\classes\Loader.php:29
Stack trace:
#0 A:\xampp\htdocs\testes\asaas\app\controllers\chargesController.php(17): Classes\Loader::setTitle('Gest\xC3\xA3o de Cobr...')
#1 A:\xampp\htdocs\testes\asaas\public_html\index.php(32): Controllers\ChargesController->indexAction()
#2 {main}
  thrown in A:\xampp\htdocs\testes\asaas\app\classes\Loader.php on line 29
[17-Jan-2020 23:36:42 America/Sao_Paulo] PHP Parse error:  syntax error, unexpected '=' in A:\xampp\htdocs\testes\asaas\app\classes\Loader.php on line 29
[17-Jan-2020 23:36:52 America/Sao_Paulo] PHP Fatal error:  Uncaught Error: Access to undeclared static property: Classes\Loader::$title in A:\xampp\htdocs\testes\asaas\app\classes\Loader.php:29
Stack trace:
#0 A:\xampp\htdocs\testes\asaas\app\controllers\chargesController.php(17): Classes\Loader::setTitle('Gest\xC3\xA3o de Cobr...')
#1 A:\xampp\htdocs\testes\asaas\public_html\index.php(32): Controllers\ChargesController->indexAction()
#2 {main}
  thrown in A:\xampp\htdocs\testes\asaas\app\classes\Loader.php on line 29
[17-Jan-2020 23:37:05 America/Sao_Paulo] PHP Parse error:  syntax error, unexpected 'title' (T_STRING), expecting function (T_FUNCTION) or const (T_CONST) in A:\xampp\htdocs\testes\asaas\app\classes\Loader.php on line 9
[17-Jan-2020 23:37:20 America/Sao_Paulo] PHP Fatal error:  Uncaught Error: Using $this when not in object context in A:\xampp\htdocs\testes\asaas\app\classes\Loader.php:30
Stack trace:
#0 A:\xampp\htdocs\testes\asaas\app\controllers\chargesController.php(17): Classes\Loader::setTitle('Gest\xC3\xA3o de Cobr...')
#1 A:\xampp\htdocs\testes\asaas\public_html\index.php(32): Controllers\ChargesController->indexAction()
#2 {main}
  thrown in A:\xampp\htdocs\testes\asaas\app\classes\Loader.php on line 30
[17-Jan-2020 23:37:23 America/Sao_Paulo] PHP Fatal error:  Uncaught Error: Using $this when not in object context in A:\xampp\htdocs\testes\asaas\app\classes\Loader.php:30
Stack trace:
#0 A:\xampp\htdocs\testes\asaas\app\controllers\chargesController.php(17): Classes\Loader::setTitle('Gest\xC3\xA3o de Cobr...')
#1 A:\xampp\htdocs\testes\asaas\public_html\index.php(32): Controllers\ChargesController->indexAction()
#2 {main}
  thrown in A:\xampp\htdocs\testes\asaas\app\classes\Loader.php on line 30
[17-Jan-2020 23:37:45 America/Sao_Paulo] PHP Fatal error:  Uncaught Error: Using $this when not in object context in A:\xampp\htdocs\testes\asaas\app\views\header.php:10
Stack trace:
#0 A:\xampp\htdocs\testes\asaas\app\classes\Loader.php(17): require()
#1 A:\xampp\htdocs\testes\asaas\app\controllers\chargesController.php(18): Classes\Loader::loadView('A:\\xampp\\htdocs...')
#2 A:\xampp\htdocs\testes\asaas\public_html\index.php(32): Controllers\ChargesController->indexAction()
#3 {main}
  thrown in A:\xampp\htdocs\testes\asaas\app\views\header.php on line 10
[17-Jan-2020 23:39:10 America/Sao_Paulo] Ação não permitida
[17-Jan-2020 23:39:23 America/Sao_Paulo] Ação não permitida
[17-Jan-2020 23:39:59 America/Sao_Paulo] Ação não permitida
[17-Jan-2020 23:47:36 America/Sao_Paulo] Ação não permitida
[17-Jan-2020 23:47:39 America/Sao_Paulo] SQLSTATE[42000]: Syntax error or access violation: 1064 You have an error in your SQL syntax; check the manual that corresponds to your MariaDB server version for the right syntax to use near '.value
			FROM charges cha
			INNER JOIN customers cus ON cus.id = cha.custome' at line 7
[17-Jan-2020 23:47:59 America/Sao_Paulo] SQLSTATE[23000]: Integrity constraint violation: 1052 Column 'deleted' in where clause is ambiguous
[17-Jan-2020 23:48:16 America/Sao_Paulo] SQLSTATE[42S22]: Column not found: 1054 Unknown column 'cha.chages_status_id' in 'on clause'
